org.apache.ibatis.logging.jdbc.BaseJdbcLogger ==>  Preparing: select * from flower where 1=1 &l 
org.apache.ibatis.logging.jdbc.BaseJdbcLogger ==> Parameters:  &l 
org.apache.ibatis.logging.jdbc.BaseJdbcLogger <==      Total: 5 &l 
org.apache.ibatis.logging.jdbc.BaseJdbcLogger ==>  Preparing: select * from flower &l 
org.apache.ibatis.logging.jdbc.BaseJdbcLogger ==> Parameters:  &l 
org.apache.ibatis.logging.jdbc.BaseJdbcLogger <==      Total: 5 &l 
org.apache.ibatis.logging.jdbc.BaseJdbcLogger ==>  Preparing: select * from flower WHERE name = ? &l 
org.apache.ibatis.logging.jdbc.BaseJdbcLogger ==> Parameters: name(String) &l 
org.apache.ibatis.logging.jdbc.BaseJdbcLogger <==      Total: 1 &l 
org.apache.ibatis.logging.jdbc.BaseJdbcLogger ==>  Preparing: select * from flower &l 
org.apache.ibatis.logging.jdbc.BaseJdbcLogger ==> Parameters:  &l 
org.apache.ibatis.logging.jdbc.BaseJdbcLogger <==      Total: 5 &l 
org.apache.ibatis.logging.jdbc.BaseJdbcLogger ==>  Preparing: select * from flower WHERE price=? &l 
org.apache.ibatis.logging.jdbc.BaseJdbcLogger ==> Parameters: 0.1(Float) &l 
org.apache.ibatis.logging.jdbc.BaseJdbcLogger <==      Total: 0 &l 
org.apache.ibatis.logging.jdbc.BaseJdbcLogger ==>  Preparing: select * from flower WHERE price=? &l 
org.apache.ibatis.logging.jdbc.BaseJdbcLogger ==> Parameters: 0.6(Float) &l 
org.apache.ibatis.logging.jdbc.BaseJdbcLogger <==      Total: 0 &l 
org.apache.ibatis.logging.jdbc.BaseJdbcLogger ==>  Preparing: select * from flower WHERE name=? &l 
org.apache.ibatis.logging.jdbc.BaseJdbcLogger ==> Parameters: name(String) &l 
org.apache.ibatis.logging.jdbc.BaseJdbcLogger <==      Total: 1 &l 
org.apache.ibatis.logging.jdbc.BaseJdbcLogger ==>  Preparing: update flower SET price=? where id=? &l 
org.apache.ibatis.logging.jdbc.BaseJdbcLogger ==> Parameters: 0.6(Float), 1(Integer) &l 
org.apache.ibatis.logging.jdbc.BaseJdbcLogger <==    Updates: 1 &l 
org.apache.ibatis.logging.jdbc.BaseJdbcLogger ==>  Preparing: insert into float value (default , CZX ? ,?,?) &l 
org.apache.ibatis.logging.jdbc.BaseJdbcLogger ==> Parameters: flower(String), 0.9(Float), xi'an(String) &l 
org.apache.ibatis.logging.jdbc.BaseJdbcLogger ==>  Preparing: insert into float value (default , CZX ok ,?,?) &l 
org.apache.ibatis.logging.jdbc.BaseJdbcLogger ==> Parameters: 0.9(Float), xi'an(String) &l 
org.apache.ibatis.logging.jdbc.BaseJdbcLogger ==>  Preparing: update flower SET CZX name = ok where id=? &l 
org.apache.ibatis.logging.jdbc.BaseJdbcLogger ==> Parameters: null &l 
org.apache.ibatis.logging.jdbc.BaseJdbcLogger ==>  Preparing: update flower SET CZX name = ok where id=? &l 
org.apache.ibatis.logging.jdbc.BaseJdbcLogger ==> Parameters: 3(Integer) &l 
org.apache.ibatis.logging.jdbc.BaseJdbcLogger ==>  Preparing: update flower SET name = CZX ok where id=? &l 
org.apache.ibatis.logging.jdbc.BaseJdbcLogger ==> Parameters: 3(Integer) &l 
org.apache.ibatis.logging.jdbc.BaseJdbcLogger ==>  Preparing: update flower SET name = 'CZX ok ,' where id=? &l 
org.apache.ibatis.logging.jdbc.BaseJdbcLogger ==> Parameters: 3(Integer) &l 
org.apache.ibatis.logging.jdbc.BaseJdbcLogger <==    Updates: 1 &l 
